app/build/intermediates/manifest_merge_blame_file/debug/manifest-merger-blame-debug-report.txt
1<?xml version="1.0" encoding="utf-8"?>
2<manifest xmlns:android="http://schemas.android.com/apk/res/android"
3    package="edu.byu.cs.tweeter"
4    android:versionCode="1"
5    android:versionName="1.0" >
6
7    <uses-sdk
8        android:minSdkVersion="28"
8-->src/main/AndroidManifest.xml
9        android:targetSdkVersion="29" />
9-->src/main/AndroidManifest.xml
10
11    <uses-permission android:name="android.permission.INTERNET" />
11-->src/main/AndroidManifest.xml:5:5-67
11-->src/main/AndroidManifest.xml:5:22-64
12
13    <application
13-->src/main/AndroidManifest.xml:7:5-45:20
14        android:allowBackup="true"
14-->src/main/AndroidManifest.xml:8:9-35
15        android:appComponentFactory="androidx.core.app.CoreComponentFactory"
15-->[androidx.core:core:1.0.1] AndroidManifest.xml:22:18-86
16        android:debuggable="true"
17        android:icon="@mipmap/ic_launcher"
17-->src/main/AndroidManifest.xml:9:9-43
18        android:label="@string/app_name"
18-->src/main/AndroidManifest.xml:10:9-41
19        android:roundIcon="@mipmap/ic_launcher_round"
19-->src/main/AndroidManifest.xml:11:9-54
20        android:supportsRtl="true"
20-->src/main/AndroidManifest.xml:12:9-35
21        android:testOnly="true"
22        android:theme="@style/AppTheme" >
22-->src/main/AndroidManifest.xml:13:9-40
23        <activity
23-->src/main/AndroidManifest.xml:14:9-23:20
24            android:name="edu.byu.cs.tweeter.view.main.LoginActivity"
24-->src/main/AndroidManifest.xml:15:13-52
25            android:label="LoginActivity"
25-->src/main/AndroidManifest.xml:16:13-42
26            android:theme="@style/AppTheme.NoActionBar" >
26-->src/main/AndroidManifest.xml:17:13-56
27            <intent-filter>
27-->src/main/AndroidManifest.xml:18:13-22:29
28                <action android:name="android.intent.action.MAIN" />
28-->src/main/AndroidManifest.xml:19:17-69
28-->src/main/AndroidManifest.xml:19:25-66
29
30                <category android:name="android.intent.category.LAUNCHER" />
30-->src/main/AndroidManifest.xml:21:17-77
30-->src/main/AndroidManifest.xml:21:27-74
31            </intent-filter>
32        </activity>
33        <activity
33-->src/main/AndroidManifest.xml:24:9-33:20
34            android:name="edu.byu.cs.tweeter.view.main.MainActivity"
34-->src/main/AndroidManifest.xml:25:13-51
35            android:label="@string/title_activity_main"
35-->src/main/AndroidManifest.xml:26:13-56
36            android:theme="@style/AppTheme.NoActionBar" >
36-->src/main/AndroidManifest.xml:27:13-56
37            <intent-filter>
37-->src/main/AndroidManifest.xml:18:13-22:29
38                <action android:name="android.intent.action.MAIN" />
38-->src/main/AndroidManifest.xml:19:17-69
38-->src/main/AndroidManifest.xml:19:25-66
39
40                <category android:name="android.intent.category.LAUNCHER" />
40-->src/main/AndroidManifest.xml:21:17-77
40-->src/main/AndroidManifest.xml:21:27-74
41            </intent-filter>
42        </activity>
43        <activity
43-->src/main/AndroidManifest.xml:34:9-44:20
44            android:name="edu.byu.cs.tweeter.view.main.UserViewActivity"
44-->src/main/AndroidManifest.xml:35:13-55
45            android:label="UserViewActivity"
45-->src/main/AndroidManifest.xml:36:13-45
46            android:parentActivityName="edu.byu.cs.tweeter.view.main.MainActivity"
46-->src/main/AndroidManifest.xml:38:13-65
47            android:theme="@style/AppTheme.NoActionBar" >
47-->src/main/AndroidManifest.xml:37:13-56
48            <intent-filter>
48-->src/main/AndroidManifest.xml:18:13-22:29
49                <action android:name="android.intent.action.MAIN" />
49-->src/main/AndroidManifest.xml:19:17-69
49-->src/main/AndroidManifest.xml:19:25-66
50
51                <category android:name="android.intent.category.LAUNCHER" />
51-->src/main/AndroidManifest.xml:21:17-77
51-->src/main/AndroidManifest.xml:21:27-74
52            </intent-filter>
53        </activity>
54
55        <provider
55-->[androidx.lifecycle:lifecycle-process:2.0.0] AndroidManifest.xml:23:9-27:43
56            android:name="androidx.lifecycle.ProcessLifecycleOwnerInitializer"
56-->[androidx.lifecycle:lifecycle-process:2.0.0] AndroidManifest.xml:24:13-79
57            android:authorities="edu.byu.cs.tweeter.lifecycle-process"
57-->[androidx.lifecycle:lifecycle-process:2.0.0] AndroidManifest.xml:25:13-69
58            android:exported="false"
58-->[androidx.lifecycle:lifecycle-process:2.0.0] AndroidManifest.xml:26:13-37
59            android:multiprocess="true" />
59-->[androidx.lifecycle:lifecycle-process:2.0.0] AndroidManifest.xml:27:13-40
60    </application>
61
62</manifest>